{"total": {"lines":{"total":56,"covered":52,"skipped":0,"pct":92.86},"statements":{"total":57,"covered":53,"skipped":0,"pct":92.98},"functions":{"total":9,"covered":6,"skipped":0,"pct":66.67},"branches":{"total":40,"covered":40,"skipped":0,"pct":100}}
,"/parse-server/cloud/src/PCParseParams.js": {"lines":{"total":45,"covered":45,"skipped":0,"pct":100},"functions":{"total":6,"covered":6,"skipped":0,"pct":100},"statements":{"total":46,"covered":46,"skipped":0,"pct":100},"branches":{"total":40,"covered":40,"skipped":0,"pct":100}}
,"/parse-server/cloud/src/injectedPushConfig.js": {"lines":{"total":8,"covered":4,"skipped":0,"pct":50},"functions":{"total":3,"covered":0,"skipped":0,"pct":0},"statements":{"total":8,"covered":4,"skipped":0,"pct":50},"branches":{"total":0,"covered":0,"skipped":0,"pct":100}}
,"/parse-server/cloud/src/main.js": {"lines":{"total":3,"covered":3,"skipped":0,"pct":100},"functions":{"total":0,"covered":0,"skipped":0,"pct":100},"statements":{"total":3,"covered":3,"skipped":0,"pct":100},"branches":{"total":0,"covered":0,"skipped":0,"pct":100}}
}
